<?xml version="1.0" encoding="UTF-8"?>
<testsuite xmlns:xsi="http://www.w3.org/2001/XMLSchema-instance" xsi:noNamespaceSchemaLocation="https://maven.apache.org/surefire/maven-surefire-plugin/xsd/surefire-test-report-3.0.xsd" version="3.0" name="reqrestests.UsersApiTest" time="3.256" tests="5" errors="0" skipped="0" failures="0">
  <properties>
[...]
</properties>
  <testcase name="listUsers_ok_extractFields" classname="reqrestests.UsersApiTest" time="2.553"/>
  <testcase name="getUser_ok_emailMatches" classname="reqrestests.UsersApiTest" time="0.105"/>
  <testcase name="getUser_404_emptyBody" classname="reqrestests.UsersApiTest" time="0.074"/>
  <testcase name="createUser_201_echoFields" classname="reqrestests.UsersApiTest" time="0.261"/>
  <testcase name="deleteUser_204_empty" classname="reqrestests.UsersApiTest" time="0.142"/>
</testsuite>